Expected File for: QV - BAGS.DBF missing
Expected File for: QV - BAYMAT.DBF missing
Expected File for: QV - CALCGROS.DBF missing
Expected File for: QV - CARTNO.DBF missing
Expected File for: QV - CARTON.DBF missing
Expected File for: QV - CARTTYPE.DBF missing
Expected File for: QV - COMPANY.DBF missing
Expected File for: QV - CUSTOMER.DBF missing
Expected File for: QV - CVTTYPE.DBF missing
Expected File for: QV - ENTREXCL.DBF missing
Expected File for: QV - ENTRY.DBF missing
Expected File for: QV - ERORDATA.DBF missing
Expected File for: QV - INST.DBF missing
Expected File for: QV - INVOICE.DBF missing
Expected File for: QV - LKBKDET.DBF missing
Expected File for: QV - LKBKSUM.DBF missing
Expected File for: QV - LOCATION.DBF missing
Expected File for: QV - LOT.DBF missing
Expected File for: QV - PROGMULT.DBF missing
Expected File for: QV - SELLER.DBF missing
Expected File for: QV - SPECPRIC.DBF missing
Expected File for: QV - SUPPLIER.DBF missing
Expected File for: QV - SUPPRIC.DBF missing
Expected File for: QV - TRANSACT.DBF missing
Expected File for: QV - TYPE.DBF missing
Expected File for: QV - WCONFIG.DBF missing
